<?xml version="1.0" encoding="UTF-8"?>
<!-- Generated by org.testng.reporters.JUnitXMLReporter -->
<testsuite hostname="Lenovo" ignored="1" name="Default test" tests="4" failures="0" timestamp="2022-02-08T10:22:48 IST" time="0.641" errors="0">
  <testcase name="facebook" time="0.028" classname="com.testng.features.Ignore_Concept"/>
  <testcase name="instagram" time="0.029" classname="com.testng.features.Ignore_Concept"/>
  <testcase name="spotify" time="0.044" classname="com.testng.features.Ignore_Concept"/>
  <testcase name="wynkMusic" time="0.008" classname="com.testng.features.Ignore_Concept"/>
  <testcase name="whatsapp" time="0.0" classname="com.testng.features.Ignore_Concept">
    <ignored/>
  </testcase> <!-- whatsapp -->
</testsuite> <!-- Default test -->
