<?xml version="1.0" encoding="UTF-8"?>
<!-- Generated by org.testng.reporters.JUnitXMLReporter -->
<testsuite hostname="Lenovo" ignored="5" name="Test" tests="2" failures="0" timestamp="2022-02-10T10:07:29 IST" time="0.282" errors="0">
  <testcase name="books" time="0.034" classname="com.testng.features.Grouping_Concept"/>
  <testcase name="novels" time="0.021" classname="com.testng.features.Grouping_Concept"/>
  <testcase name="whatsapp" time="0.0" classname="com.testng.features.Grouping_Concept">
    <ignored/>
  </testcase> <!-- whatsapp -->
  <testcase name="wynkMusic" time="0.0" classname="com.testng.features.Grouping_Concept">
    <ignored/>
  </testcase> <!-- wynkMusic -->
  <testcase name="spotify" time="0.0" classname="com.testng.features.Grouping_Concept">
    <ignored/>
  </testcase> <!-- spotify -->
  <testcase name="facebook" time="0.0" classname="com.testng.features.Grouping_Concept">
    <ignored/>
  </testcase> <!-- facebook -->
  <testcase name="instagram" time="0.0" classname="com.testng.features.Grouping_Concept">
    <ignored/>
  </testcase> <!-- instagram -->
</testsuite> <!-- Test -->
