<?xml version="1.0" encoding="UTF-8"?>
<testng-results skipped="0" failed="0" ignored="5" total="7" passed="2">
  <reporter-output>
  </reporter-output>
  <suite name="Suite" duration-ms="282" started-at="2022-02-10T10:07:29 IST" finished-at="2022-02-10T10:07:29 IST">
    <groups>
    </groups>
    <test name="Test" duration-ms="282" started-at="2022-02-10T10:07:29 IST" finished-at="2022-02-10T10:07:29 IST">
      <class name="com.testng.features.Grouping_Concept">
        <test-method status="PASS" signature="books()[pri:0, instance:com.testng.features.Grouping_Concept@1f57539]" name="books" duration-ms="34" started-at="2022-02-10T10:07:29 IST" finished-at="2022-02-10T10:07:29 IST">
          <reporter-output>
          </reporter-output>
        </test-method> <!-- books -->
        <test-method status="PASS" signature="novels()[pri:0, instance:com.testng.features.Grouping_Concept@1f57539]" name="novels" duration-ms="21" started-at="2022-02-10T10:07:29 IST" finished-at="2022-02-10T10:07:29 IST">
          <reporter-output>
          </reporter-output>
        </test-method> <!-- novels -->
      </class> <!-- com.testng.features.Grouping_Concept -->
    </test> <!-- Test -->
  </suite> <!-- Suite -->
</testng-results>
